[1124/025723.944:ERROR:directory_reader_win.cc(43)] FindFirstFile: Системе не удается найти указанный путь. (0x3)
[1125/005817.855:ERROR:process_reader_win.cc(151)] SuspendThread: Отказано в доступе. (0x5)
[1125/005818.384:ERROR:process_reader_win.cc(151)] SuspendThread: Отказано в доступе. (0x5)
[1125/005818.640:ERROR:process_reader_win.cc(151)] SuspendThread: Отказано в доступе. (0x5)
[1125/005818.915:ERROR:process_reader_win.cc(151)] SuspendThread: Отказано в доступе. (0x5)
[1125/005818.920:ERROR:process_reader_win.cc(151)] SuspendThread: Отказано в доступе. (0x5)
[1125/005818.920:ERROR:process_reader_win.cc(151)] SuspendThread: Отказано в доступе. (0x5)
[1125/005818.920:ERROR:process_reader_win.cc(151)] SuspendThread: Отказано в доступе. (0x5)
[1125/005818.921:ERROR:process_reader_win.cc(151)] SuspendThread: Отказано в доступе. (0x5)
[1125/005818.921:ERROR:process_reader_win.cc(151)] SuspendThread: Отказано в доступе. (0x5)
[1125/005819.194:ERROR:process_reader_win.cc(151)] SuspendThread: Отказано в доступе. (0x5)
[1125/010029.976:ERROR:process_reader_win.cc(151)] SuspendThread: Отказано в доступе. (0x5)
[1125/010030.788:ERROR:process_reader_win.cc(151)] SuspendThread: Отказано в доступе. (0x5)
[1125/010030.788:ERROR:process_reader_win.cc(151)] SuspendThread: Отказано в доступе. (0x5)
[1125/010031.278:ERROR:process_reader_win.cc(151)] SuspendThread: Отказано в доступе. (0x5)
[1125/010031.638:ERROR:process_reader_win.cc(151)] SuspendThread: Отказано в доступе. (0x5)
[1125/010031.638:ERROR:process_reader_win.cc(151)] SuspendThread: Отказано в доступе. (0x5)
[1125/010032.247:ERROR:process_reader_win.cc(151)] SuspendThread: Отказано в доступе. (0x5)
[1125/010032.247:ERROR:process_reader_win.cc(151)] SuspendThread: Отказано в доступе. (0x5)
[1125/010032.247:ERROR:process_reader_win.cc(151)] SuspendThread: Отказано в доступе. (0x5)
[1125/010032.247:ERROR:process_reader_win.cc(151)] SuspendThread: Отказано в доступе. (0x5)
[1125/010032.247:ERROR:process_reader_win.cc(151)] SuspendThread: Отказано в доступе. (0x5)
[1125/010032.247:ERROR:process_reader_win.cc(151)] SuspendThread: Отказано в доступе. (0x5)
[1125/010032.248:ERROR:process_reader_win.cc(151)] SuspendThread: Отказано в доступе. (0x5)
[1125/010032.248:ERROR:process_reader_win.cc(151)] SuspendThread: Отказано в доступе. (0x5)
[1125/010032.248:ERROR:process_reader_win.cc(151)] SuspendThread: Отказано в доступе. (0x5)
[1125/010032.248:ERROR:process_reader_win.cc(151)] SuspendThread: Отказано в доступе. (0x5)
[1125/010032.711:ERROR:process_reader_win.cc(151)] SuspendThread: Отказано в доступе. (0x5)
[1125/010032.712:ERROR:process_reader_win.cc(151)] SuspendThread: Отказано в доступе. (0x5)
[1125/010032.712:ERROR:process_reader_win.cc(151)] SuspendThread: Отказано в доступе. (0x5)
[1125/010032.712:ERROR:process_reader_win.cc(151)] SuspendThread: Отказано в доступе. (0x5)
[1125/010032.712:ERROR:process_reader_win.cc(151)] SuspendThread: Отказано в доступе. (0x5)
[1125/010330.381:ERROR:process_reader_win.cc(151)] SuspendThread: Отказано в доступе. (0x5)
[1125/010330.945:ERROR:process_reader_win.cc(151)] SuspendThread: Отказано в доступе. (0x5)
[1125/010330.946:ERROR:process_reader_win.cc(151)] SuspendThread: Отказано в доступе. (0x5)
[1125/010330.946:ERROR:process_reader_win.cc(151)] SuspendThread: Отказано в доступе. (0x5)
[1125/010330.946:ERROR:process_reader_win.cc(151)] SuspendThread: Отказано в доступе. (0x5)
[1125/010330.946:ERROR:process_reader_win.cc(151)] SuspendThread: Отказано в доступе. (0x5)
[1125/010330.946:ERROR:process_reader_win.cc(151)] SuspendThread: Отказано в доступе. (0x5)
[1125/010330.947:ERROR:process_reader_win.cc(151)] SuspendThread: Отказано в доступе. (0x5)
[1125/010330.947:ERROR:process_reader_win.cc(151)] SuspendThread: Отказано в доступе. (0x5)
[1125/010330.947:ERROR:process_reader_win.cc(151)] SuspendThread: Отказано в доступе. (0x5)
[1125/010331.156:ERROR:process_reader_win.cc(151)] SuspendThread: Отказано в доступе. (0x5)
[1125/010331.156:ERROR:process_reader_win.cc(151)] SuspendThread: Отказано в доступе. (0x5)
[1125/010331.156:ERROR:process_reader_win.cc(151)] SuspendThread: Отказано в доступе. (0x5)
[1125/011400.040:ERROR:directory_reader_win.cc(43)] FindFirstFile: Системе не удается найти указанный путь. (0x3)
[1125/042919.542:ERROR:directory_reader_win.cc(43)] FindFirstFile: Системе не удается найти указанный путь. (0x3)
[1125/044815.155:ERROR:process_reader_win.cc(151)] SuspendThread: Отказано в доступе. (0x5)
[1125/044815.206:ERROR:process_reader_win.cc(151)] SuspendThread: Отказано в доступе. (0x5)
[1125/044815.206:ERROR:process_reader_win.cc(151)] SuspendThread: Отказано в доступе. (0x5)
[1125/044815.206:ERROR:process_reader_win.cc(151)] SuspendThread: Отказано в доступе. (0x5)
[1125/044815.206:ERROR:process_reader_win.cc(151)] SuspendThread: Отказано в доступе. (0x5)
[1125/045640.690:ERROR:process_reader_win.cc(151)] SuspendThread: Отказано в доступе. (0x5)
[1125/045641.189:ERROR:process_reader_win.cc(151)] SuspendThread: Отказано в доступе. (0x5)
[1125/045641.189:ERROR:process_reader_win.cc(151)] SuspendThread: Отказано в доступе. (0x5)
[1125/045641.189:ERROR:process_reader_win.cc(151)] SuspendThread: Отказано в доступе. (0x5)
[1125/045641.399:ERROR:process_reader_win.cc(151)] SuspendThread: Отказано в доступе. (0x5)
[1204/143539.508:ERROR:directory_reader_win.cc(43)] FindFirstFile: Системе не удается найти указанный путь. (0x3)
[1204/192906.576:ERROR:directory_reader_win.cc(43)] FindFirstFile: Системе не удается найти указанный путь. (0x3)
[1208/173103.829:ERROR:directory_reader_win.cc(43)] FindFirstFile: Системе не удается найти указанный путь. (0x3)
[1214/162857.598:ERROR:directory_reader_win.cc(43)] FindFirstFile: Системе не удается найти указанный путь. (0x3)
[1215/211429.680:ERROR:directory_reader_win.cc(43)] FindFirstFile: Системе не удается найти указанный путь. (0x3)
[1223/023020.459:ERROR:directory_reader_win.cc(43)] FindFirstFile: Системе не удается найти указанный путь. (0x3)
[1223/043747.213:ERROR:directory_reader_win.cc(43)] FindFirstFile: Системе не удается найти указанный путь. (0x3)
[1223/045050.787:ERROR:process_reader_win.cc(151)] SuspendThread: Отказано в доступе. (0x5)
[1223/050116.415:ERROR:directory_reader_win.cc(43)] FindFirstFile: Системе не удается найти указанный путь. (0x3)
[1225/031427.381:ERROR:directory_reader_win.cc(43)] FindFirstFile: Системе не удается найти указанный путь. (0x3)
[1225/045823.578:ERROR:directory_reader_win.cc(43)] FindFirstFile: Системе не удается найти указанный путь. (0x3)
[1227/022528.516:ERROR:directory_reader_win.cc(43)] FindFirstFile: Системе не удается найти указанный путь. (0x3)
[1228/022531.362:ERROR:directory_reader_win.cc(43)] FindFirstFile: Системе не удается найти указанный путь. (0x3)
[1229/022531.515:ERROR:directory_reader_win.cc(43)] FindFirstFile: Системе не удается найти указанный путь. (0x3)
[1230/022531.672:ERROR:directory_reader_win.cc(43)] FindFirstFile: Системе не удается найти указанный путь. (0x3)
[1230/022531.687:ERROR:filesystem_win.cc(129)] GetFileAttributes C:\Users\РќР°С‚Р°\AppData\Local\Google\Chrome\User Data\Crashpad\attachments\d15d6807-24a7-4165-b56b-332cb8638796: Системе не удается найти указанный путь. (0x3)
[1230/022531.694:ERROR:filesystem_win.cc(129)] GetFileAttributes C:\Users\РќР°С‚Р°\AppData\Local\Google\Chrome\User Data\Crashpad\attachments\e5050b25-6992-4efa-b7dc-d8c3b7ecc0cd: Системе не удается найти указанный путь. (0x3)
[1230/022531.699:ERROR:filesystem_win.cc(129)] GetFileAttributes C:\Users\РќР°С‚Р°\AppData\Local\Google\Chrome\User Data\Crashpad\attachments\12eaf00d-fbac-4904-9f5b-4e195c1eef7f: Системе не удается найти указанный путь. (0x3)
[1230/022531.704:ERROR:filesystem_win.cc(129)] GetFileAttributes C:\Users\РќР°С‚Р°\AppData\Local\Google\Chrome\User Data\Crashpad\attachments\df7c5a4a-f21a-4568-9568-71ae84cc0c2f: Системе не удается найти указанный путь. (0x3)
[1230/022531.708:ERROR:filesystem_win.cc(129)] GetFileAttributes C:\Users\РќР°С‚Р°\AppData\Local\Google\Chrome\User Data\Crashpad\attachments\153d63d7-e89d-4510-89c0-59c0ffe8a2ab: Системе не удается найти указанный путь. (0x3)
[1230/022531.712:ERROR:filesystem_win.cc(129)] GetFileAttributes C:\Users\РќР°С‚Р°\AppData\Local\Google\Chrome\User Data\Crashpad\attachments\706124c7-753d-479a-b15e-72df9c40bff3: Системе не удается найти указанный путь. (0x3)
[1230/022531.716:ERROR:filesystem_win.cc(129)] GetFileAttributes C:\Users\РќР°С‚Р°\AppData\Local\Google\Chrome\User Data\Crashpad\attachments\0bdd4aa1-de83-4ac3-9607-1922909500a8: Системе не удается найти указанный путь. (0x3)
[1230/022531.720:ERROR:filesystem_win.cc(129)] GetFileAttributes C:\Users\РќР°С‚Р°\AppData\Local\Google\Chrome\User Data\Crashpad\attachments\c6e55303-8f4a-4006-a548-24faa2f2f551: Системе не удается найти указанный путь. (0x3)
[1230/022531.724:ERROR:filesystem_win.cc(129)] GetFileAttributes C:\Users\РќР°С‚Р°\AppData\Local\Google\Chrome\User Data\Crashpad\attachments\f048e872-6d18-438e-b2f4-875cfe97609c: Системе не удается найти указанный путь. (0x3)
[1230/022531.729:ERROR:filesystem_win.cc(129)] GetFileAttributes C:\Users\РќР°С‚Р°\AppData\Local\Google\Chrome\User Data\Crashpad\attachments\d78d520e-2f8d-4ba7-ba3a-97654f573494: Системе не удается найти указанный путь. (0x3)
[1230/022531.733:ERROR:filesystem_win.cc(129)] GetFileAttributes C:\Users\РќР°С‚Р°\AppData\Local\Google\Chrome\User Data\Crashpad\attachments\86096332-23e8-4b2e-ad4c-205d20f8579a: Системе не удается найти указанный путь. (0x3)
[1230/022531.737:ERROR:filesystem_win.cc(129)] GetFileAttributes C:\Users\РќР°С‚Р°\AppData\Local\Google\Chrome\User Data\Crashpad\attachments\a4a4ab64-309f-41aa-ba93-f1684578b423: Системе не удается найти указанный путь. (0x3)
[1230/022531.741:ERROR:filesystem_win.cc(129)] GetFileAttributes C:\Users\РќР°С‚Р°\AppData\Local\Google\Chrome\User Data\Crashpad\attachments\e1319df1-bb3e-4ed6-b972-e218b1d57524: Системе не удается найти указанный путь. (0x3)
[1230/022531.744:ERROR:filesystem_win.cc(129)] GetFileAttributes C:\Users\РќР°С‚Р°\AppData\Local\Google\Chrome\User Data\Crashpad\attachments\ec022fad-e78f-456e-9c84-45229a3874f2: Системе не удается найти указанный путь. (0x3)
[1230/022531.748:ERROR:filesystem_win.cc(129)] GetFileAttributes C:\Users\РќР°С‚Р°\AppData\Local\Google\Chrome\User Data\Crashpad\attachments\6d606a67-8dac-40b0-805e-f7849427aad4: Системе не удается найти указанный путь. (0x3)
[1230/022531.751:ERROR:filesystem_win.cc(129)] GetFileAttributes C:\Users\РќР°С‚Р°\AppData\Local\Google\Chrome\User Data\Crashpad\attachments\295817ef-678a-4180-9d97-aa7ea69a8881: Системе не удается найти указанный путь. (0x3)
[1230/022531.753:ERROR:filesystem_win.cc(129)] GetFileAttributes C:\Users\РќР°С‚Р°\AppData\Local\Google\Chrome\User Data\Crashpad\attachments\40d9aacd-b5d4-455a-a0b7-8980155be796: Системе не удается найти указанный путь. (0x3)
[1230/022531.757:ERROR:filesystem_win.cc(129)] GetFileAttributes C:\Users\РќР°С‚Р°\AppData\Local\Google\Chrome\User Data\Crashpad\attachments\a0f4d514-3060-4a2c-9f42-09b43e26d3ed: Системе не удается найти указанный путь. (0x3)
[1230/022531.760:ERROR:filesystem_win.cc(129)] GetFileAttributes C:\Users\РќР°С‚Р°\AppData\Local\Google\Chrome\User Data\Crashpad\attachments\ee046249-11d1-401c-a06b-09be7035df2d: Системе не удается найти указанный путь. (0x3)
[1230/022531.764:ERROR:filesystem_win.cc(129)] GetFileAttributes C:\Users\РќР°С‚Р°\AppData\Local\Google\Chrome\User Data\Crashpad\attachments\1cdf5551-cfa4-4458-8d3d-77c62eb577c3: Системе не удается найти указанный путь. (0x3)
[1230/022531.767:ERROR:filesystem_win.cc(129)] GetFileAttributes C:\Users\РќР°С‚Р°\AppData\Local\Google\Chrome\User Data\Crashpad\attachments\81ffd9b9-cd2f-450e-9e51-4b2966898694: Системе не удается найти указанный путь. (0x3)
[1230/022531.771:ERROR:filesystem_win.cc(129)] GetFileAttributes C:\Users\РќР°С‚Р°\AppData\Local\Google\Chrome\User Data\Crashpad\attachments\d04b15db-f6f6-442d-be3c-76f168b310e3: Системе не удается найти указанный путь. (0x3)
[1230/022531.773:ERROR:filesystem_win.cc(129)] GetFileAttributes C:\Users\РќР°С‚Р°\AppData\Local\Google\Chrome\User Data\Crashpad\attachments\48486d64-3704-4c91-9376-b109fc9625bc: Системе не удается найти указанный путь. (0x3)
[1230/022531.776:ERROR:filesystem_win.cc(129)] GetFileAttributes C:\Users\РќР°С‚Р°\AppData\Local\Google\Chrome\User Data\Crashpad\attachments\f69cbcb0-b946-4ea3-9be3-ff771cfdd25c: Системе не удается найти указанный путь. (0x3)
[1230/022531.778:ERROR:filesystem_win.cc(129)] GetFileAttributes C:\Users\РќР°С‚Р°\AppData\Local\Google\Chrome\User Data\Crashpad\attachments\56abcbfb-e953-4745-9f06-a2a2fc870ae2: Системе не удается найти указанный путь. (0x3)
[1230/022531.781:ERROR:filesystem_win.cc(129)] GetFileAttributes C:\Users\РќР°С‚Р°\AppData\Local\Google\Chrome\User Data\Crashpad\attachments\7026f02c-5db6-4eb3-a167-16f487f19f94: Системе не удается найти указанный путь. (0x3)
[1230/022531.783:ERROR:filesystem_win.cc(129)] GetFileAttributes C:\Users\РќР°С‚Р°\AppData\Local\Google\Chrome\User Data\Crashpad\attachments\5e5036f3-b7f4-4b1f-8286-af4b9f648636: Системе не удается найти указанный путь. (0x3)
[1230/022531.785:ERROR:filesystem_win.cc(129)] GetFileAttributes C:\Users\РќР°С‚Р°\AppData\Local\Google\Chrome\User Data\Crashpad\attachments\2ad12953-f6d4-48f7-a4e8-00ce74483c6b: Системе не удается найти указанный путь. (0x3)
[1230/022531.787:ERROR:filesystem_win.cc(129)] GetFileAttributes C:\Users\РќР°С‚Р°\AppData\Local\Google\Chrome\User Data\Crashpad\attachments\b2c3f21b-aabe-4792-9383-c522adbe59a0: Системе не удается найти указанный путь. (0x3)
[1230/022531.789:ERROR:filesystem_win.cc(129)] GetFileAttributes C:\Users\РќР°С‚Р°\AppData\Local\Google\Chrome\User Data\Crashpad\attachments\a09c5619-5aef-4c52-9cb3-01e1be8b1c55: Системе не удается найти указанный путь. (0x3)
[1231/022531.827:ERROR:directory_reader_win.cc(43)] FindFirstFile: Системе не удается найти указанный путь. (0x3)
[1231/022531.838:ERROR:filesystem_win.cc(129)] GetFileAttributes C:\Users\РќР°С‚Р°\AppData\Local\Google\Chrome\User Data\Crashpad\attachments\b91a5cac-9005-4c30-8ac0-abb87c9a20a3: Системе не удается найти указанный путь. (0x3)
[1231/022531.840:ERROR:filesystem_win.cc(129)] GetFileAttributes C:\Users\РќР°С‚Р°\AppData\Local\Google\Chrome\User Data\Crashpad\attachments\bf4f7657-1967-4916-af01-49876f638013: Системе не удается найти указанный путь. (0x3)
[1231/022531.843:ERROR:filesystem_win.cc(129)] GetFileAttributes C:\Users\РќР°С‚Р°\AppData\Local\Google\Chrome\User Data\Crashpad\attachments\c3a6fddb-1d74-4521-a1a0-fdfbfa1de6ee: Системе не удается найти указанный путь. (0x3)
[1231/022531.846:ERROR:filesystem_win.cc(129)] GetFileAttributes C:\Users\РќР°С‚Р°\AppData\Local\Google\Chrome\User Data\Crashpad\attachments\8c49781b-c8ed-46b7-aaf0-ff5c542c0292: Системе не удается найти указанный путь. (0x3)
[1231/022531.848:ERROR:filesystem_win.cc(129)] GetFileAttributes C:\Users\РќР°С‚Р°\AppData\Local\Google\Chrome\User Data\Crashpad\attachments\73138f79-db84-4fe3-8fe4-65b9ad87c937: Системе не удается найти указанный путь. (0x3)
[1231/022531.851:ERROR:filesystem_win.cc(129)] GetFileAttributes C:\Users\РќР°С‚Р°\AppData\Local\Google\Chrome\User Data\Crashpad\attachments\d2a2b51b-6123-4dff-aa3f-1e79113b0b7d: Системе не удается найти указанный путь. (0x3)
[0101/220902.299:ERROR:directory_reader_win.cc(43)] FindFirstFile: Системе не удается найти указанный путь. (0x3)
[0101/230906.458:ERROR:process_reader_win.cc(151)] SuspendThread: Отказано в доступе. (0x5)
[0101/230906.460:ERROR:process_reader_win.cc(151)] SuspendThread: Отказано в доступе. (0x5)
[0101/230906.650:ERROR:process_reader_win.cc(151)] SuspendThread: Отказано в доступе. (0x5)
[0101/230906.653:ERROR:process_reader_win.cc(151)] SuspendThread: Отказано в доступе. (0x5)
[0101/230906.653:ERROR:process_reader_win.cc(151)] SuspendThread: Отказано в доступе. (0x5)
[0101/230906.653:ERROR:process_reader_win.cc(151)] SuspendThread: Отказано в доступе. (0x5)
[0101/230906.654:ERROR:process_reader_win.cc(151)] SuspendThread: Отказано в доступе. (0x5)
[0101/230906.655:ERROR:process_reader_win.cc(151)] SuspendThread: Отказано в доступе. (0x5)
[0101/230906.655:ERROR:process_reader_win.cc(151)] SuspendThread: Отказано в доступе. (0x5)
[0101/230906.655:ERROR:process_reader_win.cc(151)] SuspendThread: Отказано в доступе. (0x5)
[0101/230906.655:ERROR:process_reader_win.cc(151)] SuspendThread: Отказано в доступе. (0x5)
[0101/230906.655:ERROR:process_reader_win.cc(151)] SuspendThread: Отказано в доступе. (0x5)
[0101/230907.291:ERROR:process_reader_win.cc(151)] SuspendThread: Отказано в доступе. (0x5)
[0101/230907.291:ERROR:process_reader_win.cc(151)] SuspendThread: Отказано в доступе. (0x5)
[0101/230907.291:ERROR:process_reader_win.cc(151)] SuspendThread: Отказано в доступе. (0x5)
[0101/230907.291:ERROR:process_reader_win.cc(151)] SuspendThread: Отказано в доступе. (0x5)
[0101/230907.582:ERROR:process_reader_win.cc(151)] SuspendThread: Отказано в доступе. (0x5)
[0101/231929.146:ERROR:directory_reader_win.cc(43)] FindFirstFile: Системе не удается найти указанный путь. (0x3)
[0104/170253.504:ERROR:directory_reader_win.cc(43)] FindFirstFile: Системе не удается найти указанный путь. (0x3)
